Removed Pin From Net: NetName=5V Pin=C?-1
Removed Pin From Net: NetName=5V Pin=C?-1
Removed Pin From Net: NetName=5V Pin=C?-1
Removed Pin From Net: NetName=5V Pin=C?-1
Remove Pin from Net: Failed to remove Pin
Removed Pin From Net: NetName=GND Pin=C?-2
Remove Pin from Net: Failed to remove Pin
Remove Pin from Net: Failed to remove Pin
Removed Pin From Net: NetName=5V Pin=D?-2
Removed Pin From Net: NetName=5V Pin=D?-2
Removed Pin From Net: NetName=5V Pin=R?-2
Removed Pin From Net: NetName=5V Pin=R?-2
Removed Pin From Net: NetName=NetC?_1 Pin=U?-1
Removed Pin From Net: NetName=GND Pin=U?-4
Remove Pin from Net: Failed to remove Pin
Removed Pin From Net: NetName=Vsns Pin=U?-5
Removed Pin From Net: NetName=5V Pin=U?-8
Remove Pin from Net: Failed to remove Pin
Removed Pin From Net: NetName=5V Pin=U?-J2-5
Removed Pin From Net: NetName=5V Pin=U?-J2-6
Removed Pin From Net: NetName=5V Pin=U?-J3-13
Removed Member From Class: ClassName=ESP32 Member=C?
Removed Member From Class: ClassName=ESP32 Member=D?
Removed Member From Class: ClassName=ESP32 Member=J
Removed Member From Class: ClassName=ESP32 Member=R?
Removed Member From Class: ClassName=ESP32 Member=U?
Removed Member From Class: ClassName=Sensing Member=U?
Change Component Footprint: Designator=C? Old Footprint=FP-CL21-IPC_A New Footprint=FP-CL21-IPC_A
Change Component Designator: OldDesignator=C? NewDesignator=C1
Change Component Designator: OldDesignator=C? NewDesignator=C2
Change Component Designator: OldDesignator=C? NewDesignator=C3
Change Component Designator: OldDesignator=C? NewDesignator=C4
Change Component Designator: OldDesignator=C? NewDesignator=C5
Change Component Designator: OldDesignator=C? NewDesignator=C6
Change Component Designator: OldDesignator=C? NewDesignator=C7
Change Component Designator: OldDesignator=C? NewDesignator=C8
Change Component Designator: OldDesignator=C? NewDesignator=C9
Change Component Designator: OldDesignator=C? NewDesignator=C10
Change Component Designator: OldDesignator=C? NewDesignator=C11
Change Component Designator: OldDesignator=C? NewDesignator=C12
Change Component Designator: OldDesignator=C? NewDesignator=C13
Change Component Designator: OldDesignator=C? NewDesignator=C14
Change Component Designator: OldDesignator=C? NewDesignator=C15
Change Component Designator: OldDesignator=C? NewDesignator=C16
Change Component Designator: OldDesignator=C? NewDesignator=C17
Change Component Designator: OldDesignator=C? NewDesignator=C18
Change Component Designator: OldDesignator=C? NewDesignator=C19
Change Component Designator: OldDesignator=C? NewDesignator=C22
Change Component Designator: OldDesignator=D? NewDesignator=D1
Change Component Designator: OldDesignator=D? NewDesignator=D2
Change Component Designator: OldDesignator=D? NewDesignator=D3
Change Component Designator: OldDesignator=D? NewDesignator=D4
Change Component Designator: OldDesignator=D? NewDesignator=D5
Change Component Designator: OldDesignator=D? NewDesignator=D6
Change Component Designator: OldDesignator=P? NewDesignator=P1
Change Component Designator: OldDesignator=R? NewDesignator=R1
Change Component Designator: OldDesignator=R? NewDesignator=R2
Change Component Designator: OldDesignator=R? NewDesignator=R3
Change Component Designator: OldDesignator=R? NewDesignator=R4
Change Component Designator: OldDesignator=R? NewDesignator=R5
Change Component Designator: OldDesignator=R? NewDesignator=R6
Change Component Designator: OldDesignator=R? NewDesignator=R7
Change Component Designator: OldDesignator=R? NewDesignator=R8
Change Component Designator: OldDesignator=R? NewDesignator=R9
Change Component Designator: OldDesignator=R? NewDesignator=R10
Change Component Designator: OldDesignator=R? NewDesignator=R11
Change Component Designator: OldDesignator=R? NewDesignator=R12
Change Component Designator: OldDesignator=R? NewDesignator=R13
Change Component Designator: OldDesignator=R? NewDesignator=R14
Change Component Designator: OldDesignator=R? NewDesignator=R15
Change Component Designator: OldDesignator=R? NewDesignator=R16
Change Component Designator: OldDesignator=R? NewDesignator=R17
Change Component Designator: OldDesignator=R? NewDesignator=R18
Change Component Designator: OldDesignator=R? NewDesignator=R19
Change Component Designator: OldDesignator=R? NewDesignator=R20
Change Component Designator: OldDesignator=R? NewDesignator=R21
Change Component Designator: OldDesignator=R? NewDesignator=R22
Change Component Designator: OldDesignator=U? NewDesignator=U1
Change Component Designator: OldDesignator=U? NewDesignator=U2
Change Component Designator: OldDesignator=U? NewDesignator=U3
Change Component Designator: OldDesignator=U? NewDesignator=U4
Added Component: Designator=C20(FP-CL21-IPC_A)
Add component (AddParameter): Name = "Capacitance"; Value = "999uF"; VariantName = "[No Variations]"
Add component (AddParameter): Name = "Case Code (Imperial)"; Value = "0805"; VariantName = "[No Variations]"
Add component (AddParameter): Name = "Case Code (Metric)"; Value = "2012"; VariantName = "[No Variations]"
Add component (AddParameter): Name = "Case/Package"; Value = "0805"; VariantName = "[No Variations]"
Add component (AddParameter): Name = "Contact Plating"; Value = "Tin"; VariantName = "[No Variations]"
Add component (AddParameter): Name = "Depth"; Value = "1.25mm"; VariantName = "[No Variations]"
Add component (AddParameter): Name = "Dielectric"; Value = "X7R"; VariantName = "[No Variations]"
Add component (AddParameter): Name = "Height"; Value = "0.85mm"; VariantName = "[No Variations]"
Add component (AddParameter): Name = "Lead Free"; Value = "Lead Free"; VariantName = "[No Variations]"
Add component (AddParameter): Name = "Length"; Value = "2mm"; VariantName = "[No Variations]"
Add component (AddParameter): Name = "Material"; Value = "Ceramic"; VariantName = "[No Variations]"
Add component (AddParameter): Name = "Max Operating Temperature"; Value = "125°C"; VariantName = "[No Variations]"
Add component (AddParameter): Name = "Min Operating Temperature"; Value = "-55°C"; VariantName = "[No Variations]"
Add component (AddParameter): Name = "Mount"; Value = "Surface Mount"; VariantName = "[No Variations]"
Add component (AddParameter): Name = "Packaging"; Value = "Tape and Reel"; VariantName = "[No Variations]"
Add component (AddParameter): Name = "Radiation Hardening"; Value = "No"; VariantName = "[No Variations]"
Add component (AddParameter): Name = "Thickness"; Value = "0.037inch"; VariantName = "[No Variations]"
Add component (AddParameter): Name = "Tolerance"; Value = "10%"; VariantName = "[No Variations]"
Add component (AddParameter): Name = "Voltage"; Value = "50V"; VariantName = "[No Variations]"
Add component (AddParameter): Name = "Voltage Rating"; Value = "50V"; VariantName = "[No Variations]"
Add component (AddParameter): Name = "Voltage Rating (DC)"; Value = "50V"; VariantName = "[No Variations]"
Add component (AddParameter): Name = "Width"; Value = "0.049inch"; VariantName = "[No Variations]"
Added Component: Designator=C21(FP-CL21-IPC_A)
Add component (AddParameter): Name = "Capacitance"; Value = "999uF"; VariantName = "[No Variations]"
Add component (AddParameter): Name = "Case Code (Imperial)"; Value = "0805"; VariantName = "[No Variations]"
Add component (AddParameter): Name = "Case Code (Metric)"; Value = "2012"; VariantName = "[No Variations]"
Add component (AddParameter): Name = "Case/Package"; Value = "0805"; VariantName = "[No Variations]"
Add component (AddParameter): Name = "Contact Plating"; Value = "Tin"; VariantName = "[No Variations]"
Add component (AddParameter): Name = "Depth"; Value = "1.25mm"; VariantName = "[No Variations]"
Add component (AddParameter): Name = "Dielectric"; Value = "X7R"; VariantName = "[No Variations]"
Add component (AddParameter): Name = "Height"; Value = "0.85mm"; VariantName = "[No Variations]"
Add component (AddParameter): Name = "Lead Free"; Value = "Lead Free"; VariantName = "[No Variations]"
Add component (AddParameter): Name = "Length"; Value = "2mm"; VariantName = "[No Variations]"
Add component (AddParameter): Name = "Material"; Value = "Ceramic"; VariantName = "[No Variations]"
Add component (AddParameter): Name = "Max Operating Temperature"; Value = "125°C"; VariantName = "[No Variations]"
Add component (AddParameter): Name = "Min Operating Temperature"; Value = "-55°C"; VariantName = "[No Variations]"
Add component (AddParameter): Name = "Mount"; Value = "Surface Mount"; VariantName = "[No Variations]"
Add component (AddParameter): Name = "Packaging"; Value = "Tape and Reel"; VariantName = "[No Variations]"
Add component (AddParameter): Name = "Radiation Hardening"; Value = "No"; VariantName = "[No Variations]"
Add component (AddParameter): Name = "Thickness"; Value = "0.037inch"; VariantName = "[No Variations]"
Add component (AddParameter): Name = "Tolerance"; Value = "10%"; VariantName = "[No Variations]"
Add component (AddParameter): Name = "Voltage"; Value = "50V"; VariantName = "[No Variations]"
Add component (AddParameter): Name = "Voltage Rating"; Value = "50V"; VariantName = "[No Variations]"
Add component (AddParameter): Name = "Voltage Rating (DC)"; Value = "50V"; VariantName = "[No Variations]"
Add component (AddParameter): Name = "Width"; Value = "0.049inch"; VariantName = "[No Variations]"
Added Component: Designator=J?(M8_Bolt_Hole)
Added Pin To Net: NetName=Vsns_BUFF Pin=C19-1
Added Pin To Net: NetName=GND Pin=C20-2
Added Pin To Net: NetName=GND Pin=C21-2
Added Pin To Net: NetName=5V Pin=C22-1
Add Pin To Net: Unknown Pin: Pin J?-1
Added Pin To Net: NetName=GND Pin=U2-4
Added Pin To Net: NetName=Vsns Pin=U2-5
Added Pin To Net: NetName=5V Pin=U2-8
Added Pin To Net: NetName=NetC?_1 Pin=U3-1
Added Pin To Net: NetName=GND Pin=U3-4
Added Pin To Net: NetName=5V Pin=U3-8
Added Pin To Net: NetName=Vsns_BUFF Pin=U4-J2-5
Added Pin To Net: NetName=5V Pin=U4-J2-19
Change Net Name : Old Net Name=NetC?_1 New Net Name=NetC13_1
Change Net Name : Old Net Name=NetD?_2 New Net Name=NetD6_2
Added Pin To Net: NetName=Isns_HG Pin=C7-1
Added Pin To Net: NetName=Isns_HG Pin=C21-1
Added Pin To Net: NetName=Isns_HG Pin=D3-2
Added Pin To Net: NetName=Isns_HG Pin=R10-2
Added Pin To Net: NetName=Isns_HG Pin=U4-J2-8
Added Net: Name=Isns_HG
Added Pin To Net: NetName=Isns_LG Pin=C16-1
Added Pin To Net: NetName=Isns_LG Pin=C20-1
Added Pin To Net: NetName=Isns_LG Pin=D5-2
Added Pin To Net: NetName=Isns_LG Pin=R19-2
Added Pin To Net: NetName=Isns_LG Pin=U4-J2-7
Added Net: Name=Isns_LG
Added Pin To Net: NetName=NetC5_1 Pin=C5-1
Added Pin To Net: NetName=NetC5_1 Pin=R8-2
Added Pin To Net: NetName=NetC5_1 Pin=R10-1
Added Pin To Net: NetName=NetC5_1 Pin=U3-7
Added Net: Name=NetC5_1
Added Pin To Net: NetName=NetC5_2 Pin=C5-2
Added Pin To Net: NetName=NetC5_2 Pin=R8-1
Added Pin To Net: NetName=NetC5_2 Pin=R9-2
Added Pin To Net: NetName=NetC5_2 Pin=U3-5
Added Net: Name=NetC5_2
Added Pin To Net: NetName=NetC9_2 Pin=C9-2
Added Pin To Net: NetName=NetC9_2 Pin=R13-2
Added Pin To Net: NetName=NetC9_2 Pin=U3-6
Added Net: Name=NetC9_2
Added Pin To Net: NetName=NetC11_1 Pin=C11-1
Added Pin To Net: NetName=NetC11_1 Pin=R12-1
Added Pin To Net: NetName=NetC11_1 Pin=R15-2
Added Pin To Net: NetName=NetC11_1 Pin=U2-3
Added Net: Name=NetC11_1
Added Pin To Net: NetName=NetC13_2 Pin=C13-2
Added Pin To Net: NetName=NetC13_2 Pin=R16-1
Added Pin To Net: NetName=NetC13_2 Pin=R18-2
Added Pin To Net: NetName=NetC13_2 Pin=U3-3
Added Net: Name=NetC13_2
Added Pin To Net: NetName=NetC18_2 Pin=C18-2
Added Pin To Net: NetName=NetC18_2 Pin=R20-2
Added Pin To Net: NetName=NetC18_2 Pin=R21-2
Added Pin To Net: NetName=NetC18_2 Pin=U3-2
Added Net: Name=NetC18_2
Added Pin To Net: NetName=NetD2_2 Pin=D2-2
Added Pin To Net: NetName=NetD2_2 Pin=R1-1
Added Net: Name=NetD2_2
Added Pin To Net: NetName=NetR3_1 Pin=R3-1
Added Pin To Net: NetName=NetR3_1 Pin=R4-1
Added Pin To Net: NetName=NetR3_1 Pin=R6-2
Added Pin To Net: NetName=NetR3_1 Pin=R7-2
Added Net: Name=NetR3_1
Added Pin To Net: NetName=NetR14_1 Pin=R14-1
Added Pin To Net: NetName=NetR14_1 Pin=U2-1
Added Pin To Net: NetName=NetR14_1 Pin=U2-2
Added Net: Name=NetR14_1
Added Pin To Net: NetName=NetR17_1 Pin=R17-1
Added Pin To Net: NetName=NetR17_1 Pin=U2-6
Added Pin To Net: NetName=NetR17_1 Pin=U2-7
Added Net: Name=NetR17_1
Added Pin To Net: NetName=NetR22_2 Pin=R22-2
Added Pin To Net: NetName=NetR22_2 Pin=U4-J2-10
Added Net: Name=NetR22_2
Added Member To Class: ClassName=Sensing Member=Component C1 *
Added Member To Class: ClassName=Sensing Member=Component C2 *
Added Member To Class: ClassName=Sensing Member=Component C3 CL21B104KBCNNNC
Added Member To Class: ClassName=Sensing Member=Component C4 CL21B104KBCNNNC
Added Member To Class: ClassName=Sensing Member=Component C5 CL21B104KBCNNNC
Added Member To Class: ClassName=Sensing Member=Component C6 CL21B104KBCNNNC
Added Member To Class: ClassName=Sensing Member=Component C7 CL21B104KBCNNNC
Added Member To Class: ClassName=Sensing Member=Component C9 CL21B104KBCNNNC
Added Member To Class: ClassName=Sensing Member=Component C10 CL21B104KBCNNNC
Added Member To Class: ClassName=Sensing Member=Component C11 CL21B104KBCNNNC
Added Member To Class: ClassName=Sensing Member=Component C12 CL21B104KBCNNNC
Added Member To Class: ClassName=Sensing Member=Component C13 CL21B104KBCNNNC
Added Member To Class: ClassName=Sensing Member=Component C14 CL21B104KBCNNNC
Added Member To Class: ClassName=Sensing Member=Component C15 CL21B104KBCNNNC
Added Member To Class: ClassName=Sensing Member=Component C16 CL21B104KBCNNNC
Added Member To Class: ClassName=Sensing Member=Component C17 CL21B104KBCNNNC
Added Member To Class: ClassName=Sensing Member=Component C18 CL21B104KBCNNNC
Added Member To Class: ClassName=ESP32 Member=Component C19 CL21B104KBCNNNC
Added Member To Class: ClassName=ESP32 Member=Component C20 CL21B104KBCNNNC
Added Member To Class: ClassName=ESP32 Member=Component C21 CL21B104KBCNNNC
Added Member To Class: ClassName=ESP32 Member=Component C22 CL21B104KBCNNNC
Added Member To Class: ClassName=Sensing Member=Component D1 BZT52H-B4V7
Added Member To Class: ClassName=Sensing Member=Component D3 BZT52H-B4V7
Added Member To Class: ClassName=Sensing Member=Component D4 BZT52H-B4V7
Added Member To Class: ClassName=Sensing Member=Component D5 BZT52H-B4V7
Added Member To Class: ClassName=ESP32 Member=Component D6 LTST-C170GKT
Add Class Member: Failed to add class member : Component J? 30K_0603_1/10W_1%
Added Member To Class: ClassName=Sensing Member=Component R1 RC0805FR-071KL
Added Member To Class: ClassName=Sensing Member=Component R2 RC0805FR-071KL
Added Member To Class: ClassName=Sensing Member=Component R3 D1MPAB2512QR002FA-T4
Added Member To Class: ClassName=Sensing Member=Component R4 D1MPAB2512QR002FA-T4
Added Member To Class: ClassName=Sensing Member=Component R5 RC0805FR-071KL
Added Member To Class: ClassName=Sensing Member=Component R6 D1MPAB2512QR002FA-T4
Added Member To Class: ClassName=Sensing Member=Component R7 D1MPAB2512QR002FA-T4
Added Member To Class: ClassName=Sensing Member=Component R8 RC0805FR-071KL
Added Member To Class: ClassName=Sensing Member=Component R9 RC0805FR-071KL
Added Member To Class: ClassName=Sensing Member=Component R10 RC0805FR-071KL
Added Member To Class: ClassName=Sensing Member=Component R11 RC0805FR-071KL
Added Member To Class: ClassName=Sensing Member=Component R12 RC0805FR-071KL
Added Member To Class: ClassName=Sensing Member=Component R13 RC0805FR-071KL
Added Member To Class: ClassName=Sensing Member=Component R14 RC0805FR-071KL
Added Member To Class: ClassName=Sensing Member=Component R15 RC0805FR-071KL
Added Member To Class: ClassName=Sensing Member=Component R16 RC0805FR-071KL
Added Member To Class: ClassName=Sensing Member=Component R17 RC0805FR-071KL
Added Member To Class: ClassName=Sensing Member=Component R19 RC0805FR-071KL
Added Member To Class: ClassName=Sensing Member=Component R20 RC0805FR-071KL
Added Member To Class: ClassName=Sensing Member=Component R21 RC0805FR-071KL
Added Member To Class: ClassName=ESP32 Member=Component R22 RC0805FR-071KL
Added Member To Class: ClassName=Sensing Member=Component U1 LD1117DT50CTR
Added Member To Class: ClassName=Sensing Member=Component U2 LM358BIDR
Added Member To Class: ClassName=Sensing Member=Component U3 LM358BIDR
Added Member To Class: ClassName=ESP32 Member=Component U4 ESP32-DEVKITC-32D
Added Rule: Name=Schematic Supply Nets_1
