Replace Part C1 ElecCap_TH_2P0 in C:\Users\thorb\OneDrive\Documents\Projects\Capstone_Electrical\tbri557\Draft1\Sensing.SchDoc with ElecCap_TH_2P0 from COMSYS301_2025 (1).IntLib
Replace Part C2 ElecCap_TH_2P0 in C:\Users\thorb\OneDrive\Documents\Projects\Capstone_Electrical\tbri557\Draft1\Sensing.SchDoc with ElecCap_TH_2P0 from COMSYS301_2025 (1).IntLib
Replace Part C3 0805CAP in C:\Users\thorb\OneDrive\Documents\Projects\Capstone_Electrical\tbri557\Draft1\Sensing.SchDoc with 0805CAP from Capstone_intlib.IntLib
Replace Part C4 0805CAP in C:\Users\thorb\OneDrive\Documents\Projects\Capstone_Electrical\tbri557\Draft1\Sensing.SchDoc with 0805CAP from Capstone_intlib.IntLib
Replace Part C5 0805CAP in C:\Users\thorb\OneDrive\Documents\Projects\Capstone_Electrical\tbri557\Draft1\Sensing.SchDoc with 0805CAP from Capstone_intlib.IntLib
Replace Part C6 0805CAP in C:\Users\thorb\OneDrive\Documents\Projects\Capstone_Electrical\tbri557\Draft1\Sensing.SchDoc with 0805CAP from Capstone_intlib.IntLib
Replace Part C7 0805CAP in C:\Users\thorb\OneDrive\Documents\Projects\Capstone_Electrical\tbri557\Draft1\Sensing.SchDoc with 0805CAP from Capstone_intlib.IntLib
Replace Part C8 0805CAP in C:\Users\thorb\OneDrive\Documents\Projects\Capstone_Electrical\tbri557\Draft1\Sensing.SchDoc with 0805CAP from Capstone_intlib.IntLib
Replace Part C9 0805CAP in C:\Users\thorb\OneDrive\Documents\Projects\Capstone_Electrical\tbri557\Draft1\Sensing.SchDoc with 0805CAP from Capstone_intlib.IntLib
Replace Part C10 0805CAP in C:\Users\thorb\OneDrive\Documents\Projects\Capstone_Electrical\tbri557\Draft1\Sensing.SchDoc with 0805CAP from Capstone_intlib.IntLib
Replace Part C11 0805CAP in C:\Users\thorb\OneDrive\Documents\Projects\Capstone_Electrical\tbri557\Draft1\Sensing.SchDoc with 0805CAP from Capstone_intlib.IntLib
Replace Part C12 0805CAP in C:\Users\thorb\OneDrive\Documents\Projects\Capstone_Electrical\tbri557\Draft1\Sensing.SchDoc with 0805CAP from Capstone_intlib.IntLib
Replace Part C13 0805CAP in C:\Users\thorb\OneDrive\Documents\Projects\Capstone_Electrical\tbri557\Draft1\Sensing.SchDoc with 0805CAP from Capstone_intlib.IntLib
Replace Part C14 0805CAP in C:\Users\thorb\OneDrive\Documents\Projects\Capstone_Electrical\tbri557\Draft1\Sensing.SchDoc with 0805CAP from Capstone_intlib.IntLib
Replace Part C15 0805CAP in C:\Users\thorb\OneDrive\Documents\Projects\Capstone_Electrical\tbri557\Draft1\Sensing.SchDoc with 0805CAP from Capstone_intlib.IntLib
Replace Part C16 0805CAP in C:\Users\thorb\OneDrive\Documents\Projects\Capstone_Electrical\tbri557\Draft1\Sensing.SchDoc with 0805CAP from Capstone_intlib.IntLib
Replace Part C17 0805CAP in C:\Users\thorb\OneDrive\Documents\Projects\Capstone_Electrical\tbri557\Draft1\Sensing.SchDoc with 0805CAP from Capstone_intlib.IntLib
Replace Part C18 0805CAP in C:\Users\thorb\OneDrive\Documents\Projects\Capstone_Electrical\tbri557\Draft1\Sensing.SchDoc with 0805CAP from Capstone_intlib.IntLib
Replace Part D1 Zener_SMT_SOD123 in C:\Users\thorb\OneDrive\Documents\Projects\Capstone_Electrical\tbri557\Draft1\Sensing.SchDoc with Zener_SMT_SOD123 from COMSYS301_2025 (1).IntLib
Replace Part D2 CMP-1674-00002-6 in C:\Users\thorb\OneDrive\Documents\Projects\Capstone_Electrical\tbri557\Draft1\Sensing.SchDoc with CMP-1674-00002-6 from Capstone_intlib.IntLib
Replace Part D3 Zener_SMT_SOD123 in C:\Users\thorb\OneDrive\Documents\Projects\Capstone_Electrical\tbri557\Draft1\Sensing.SchDoc with Zener_SMT_SOD123 from COMSYS301_2025 (1).IntLib
Replace Part D4 Zener_SMT_SOD123 in C:\Users\thorb\OneDrive\Documents\Projects\Capstone_Electrical\tbri557\Draft1\Sensing.SchDoc with Zener_SMT_SOD123 from COMSYS301_2025 (1).IntLib
Replace Part D5 Zener_SMT_SOD123 in C:\Users\thorb\OneDrive\Documents\Projects\Capstone_Electrical\tbri557\Draft1\Sensing.SchDoc with Zener_SMT_SOD123 from COMSYS301_2025 (1).IntLib
Replace Part P1 AC_Output in C:\Users\thorb\OneDrive\Documents\Projects\Capstone_Electrical\tbri557\Draft1\Sensing.SchDoc with AC_Output from COMSYS301_2025 (1).IntLib
Replace Part R1 0805RESISTOR in C:\Users\thorb\OneDrive\Documents\Projects\Capstone_Electrical\tbri557\Draft1\Sensing.SchDoc with 0805RESISTOR from Capstone_intlib.IntLib
Replace Part R2 0805RESISTOR in C:\Users\thorb\OneDrive\Documents\Projects\Capstone_Electrical\tbri557\Draft1\Sensing.SchDoc with 0805RESISTOR from Capstone_intlib.IntLib
Replace Part R3 D1MPAB2512QR002FA-T4 in C:\Users\thorb\OneDrive\Documents\Projects\Capstone_Electrical\tbri557\Draft1\Sensing.SchDoc with D1MPAB2512QR002FA-T4 from Capstone_intlib.IntLib
Replace Part R4 D1MPAB2512QR002FA-T4 in C:\Users\thorb\OneDrive\Documents\Projects\Capstone_Electrical\tbri557\Draft1\Sensing.SchDoc with D1MPAB2512QR002FA-T4 from Capstone_intlib.IntLib
Replace Part R5 0805RESISTOR in C:\Users\thorb\OneDrive\Documents\Projects\Capstone_Electrical\tbri557\Draft1\Sensing.SchDoc with 0805RESISTOR from Capstone_intlib.IntLib
Replace Part R6 D1MPAB2512QR002FA-T4 in C:\Users\thorb\OneDrive\Documents\Projects\Capstone_Electrical\tbri557\Draft1\Sensing.SchDoc with D1MPAB2512QR002FA-T4 from Capstone_intlib.IntLib
Replace Part R7 D1MPAB2512QR002FA-T4 in C:\Users\thorb\OneDrive\Documents\Projects\Capstone_Electrical\tbri557\Draft1\Sensing.SchDoc with D1MPAB2512QR002FA-T4 from Capstone_intlib.IntLib
Replace Part R8 0805RESISTOR in C:\Users\thorb\OneDrive\Documents\Projects\Capstone_Electrical\tbri557\Draft1\Sensing.SchDoc with 0805RESISTOR from Capstone_intlib.IntLib
Replace Part R9 0805RESISTOR in C:\Users\thorb\OneDrive\Documents\Projects\Capstone_Electrical\tbri557\Draft1\Sensing.SchDoc with 0805RESISTOR from Capstone_intlib.IntLib
Replace Part R10 0805RESISTOR in C:\Users\thorb\OneDrive\Documents\Projects\Capstone_Electrical\tbri557\Draft1\Sensing.SchDoc with 0805RESISTOR from Capstone_intlib.IntLib
Replace Part R11 0805RESISTOR in C:\Users\thorb\OneDrive\Documents\Projects\Capstone_Electrical\tbri557\Draft1\Sensing.SchDoc with 0805RESISTOR from Capstone_intlib.IntLib
Replace Part R12 0805RESISTOR in C:\Users\thorb\OneDrive\Documents\Projects\Capstone_Electrical\tbri557\Draft1\Sensing.SchDoc with 0805RESISTOR from Capstone_intlib.IntLib
Replace Part R13 0805RESISTOR in C:\Users\thorb\OneDrive\Documents\Projects\Capstone_Electrical\tbri557\Draft1\Sensing.SchDoc with 0805RESISTOR from Capstone_intlib.IntLib
Replace Part R14 0805RESISTOR in C:\Users\thorb\OneDrive\Documents\Projects\Capstone_Electrical\tbri557\Draft1\Sensing.SchDoc with 0805RESISTOR from Capstone_intlib.IntLib
Replace Part R15 0805RESISTOR in C:\Users\thorb\OneDrive\Documents\Projects\Capstone_Electrical\tbri557\Draft1\Sensing.SchDoc with 0805RESISTOR from Capstone_intlib.IntLib
Replace Part R16 0805RESISTOR in C:\Users\thorb\OneDrive\Documents\Projects\Capstone_Electrical\tbri557\Draft1\Sensing.SchDoc with 0805RESISTOR from Capstone_intlib.IntLib
Replace Part R17 0805RESISTOR in C:\Users\thorb\OneDrive\Documents\Projects\Capstone_Electrical\tbri557\Draft1\Sensing.SchDoc with 0805RESISTOR from Capstone_intlib.IntLib
Replace Part R18 0805RESISTOR in C:\Users\thorb\OneDrive\Documents\Projects\Capstone_Electrical\tbri557\Draft1\Sensing.SchDoc with 0805RESISTOR from Capstone_intlib.IntLib
Replace Part R19 0805RESISTOR in C:\Users\thorb\OneDrive\Documents\Projects\Capstone_Electrical\tbri557\Draft1\Sensing.SchDoc with 0805RESISTOR from Capstone_intlib.IntLib
Replace Part R20 0805RESISTOR in C:\Users\thorb\OneDrive\Documents\Projects\Capstone_Electrical\tbri557\Draft1\Sensing.SchDoc with 0805RESISTOR from Capstone_intlib.IntLib
Replace Part R21 0805RESISTOR in C:\Users\thorb\OneDrive\Documents\Projects\Capstone_Electrical\tbri557\Draft1\Sensing.SchDoc with 0805RESISTOR from Capstone_intlib.IntLib
Replace Part U1 CMP-0244-00109-1 in C:\Users\thorb\OneDrive\Documents\Projects\Capstone_Electrical\tbri557\Draft1\Sensing.SchDoc with CMP-0244-00109-1 from Capstone_intlib.IntLib
Replace Part U2 CMP-04895-000094-1 in C:\Users\thorb\OneDrive\Documents\Projects\Capstone_Electrical\tbri557\Draft1\Sensing.SchDoc with CMP-04895-000094-1 from Capstone_intlib.IntLib
Replace Part U2 CMP-04895-000094-1 in C:\Users\thorb\OneDrive\Documents\Projects\Capstone_Electrical\tbri557\Draft1\Sensing.SchDoc with CMP-04895-000094-1 from Capstone_intlib.IntLib
Replace Part U3 CMP-04895-000094-1 in C:\Users\thorb\OneDrive\Documents\Projects\Capstone_Electrical\tbri557\Draft1\Sensing.SchDoc with CMP-04895-000094-1 from Capstone_intlib.IntLib
Replace Part U3 CMP-04895-000094-1 in C:\Users\thorb\OneDrive\Documents\Projects\Capstone_Electrical\tbri557\Draft1\Sensing.SchDoc with CMP-04895-000094-1 from Capstone_intlib.IntLib
